<?xml version="1.0" encoding="UTF-8"?>
<!-- Generated by org.testng.reporters.JUnitReportReporter -->
<testsuite skipped="0" hostname="LAPTOP-ART0IN4H" name="MyRunner.TestRunner" tests="1" failures="0" timestamp="2022-04-29T19:31:16 IST" time="8.982" errors="0">
  <testcase name="feature" time="8.982" classname="MyRunner.TestRunner"/>
  <system-out/>
</testsuite> <!-- MyRunner.TestRunner -->
