<?xml version="1.0" encoding="UTF-8"?>
<!-- Generated by org.testng.reporters.JUnitReportReporter -->
<testsuite name="MyRunner.TestRunner" tests="1" time="8.579" ignored="0" failures="0" timestamp="29 Apr 2022 14:08:50 GMT" skipped="0" hostname="LAPTOP-ART0IN4H" errors="0">
  <testcase name="feature" time="8.579" classname="MyRunner.TestRunner"/>
</testsuite> <!-- MyRunner.TestRunner -->
